<?xml version="1.0" encoding="UTF-8"?>
<!-- Generated by org.testng.reporters.JUnitXMLReporter -->
<testsuite ignored="0" hostname="Dhevs-MacBook-Pro.local" failures="0" tests="4" name="Default test" time="72.623" errors="0" timestamp="21 Jan 2019 20:08:18 GMT">
  <testcase classname="com.crm.qa.testcases.ContactsPageTest" name="verifyContactsPageLabelTest" time="0.046"/>
  <testcase classname="com.crm.qa.testcases.ContactsPageTest" name="selectSingleContactsTest" time="0.216"/>
  <testcase classname="com.crm.qa.testcases.ContactsPageTest" name="selectMutlipleContactsTest" time="0.239"/>
  <testcase classname="com.crm.qa.testcases.ContactsPageTest" name="validateCreateNewContactTest" time="0.0">
    <skipped/>
  </testcase> <!-- validateCreateNewContactTest -->
</testsuite> <!-- Default test -->
