<?xml version="1.0" encoding="UTF-8"?>
<!-- Generated by org.testng.reporters.JUnitXMLReporter -->
<testsuite ignored="0" hostname="Dhevs-MacBook-Pro.local" failures="0" tests="10" name="Free CRM APP test Cases" time="156.678" errors="0" timestamp="21 Jan 2019 20:42:32 GMT">
  <testcase classname="com.crm.qa.testcases.LoginPageTest" name="loginPageTitleTest" time="0.021"/>
  <testcase classname="com.crm.qa.testcases.HomePageTest" name="verifyHomePageTitleTest" time="0.007"/>
  <testcase classname="com.crm.qa.testcases.ContactsPageTest" name="verifyContactsPageLabelTest" time="0.031"/>
  <testcase classname="com.crm.qa.testcases.LoginPageTest" name="crmLogoImageTest" time="0.044"/>
  <testcase classname="com.crm.qa.testcases.HomePageTest" name="verifyUserNameTest" time="0.089"/>
  <testcase classname="com.crm.qa.testcases.ContactsPageTest" name="selectSingleContactsTest" time="5.09"/>
  <testcase classname="com.crm.qa.testcases.LoginPageTest" name="loginTest" time="5.433"/>
  <testcase classname="com.crm.qa.testcases.HomePageTest" name="verifyContactsLinkTest" time="5.928"/>
  <testcase classname="com.crm.qa.testcases.ContactsPageTest" name="selectMutlipleContactsTest" time="10.226"/>
  <testcase classname="com.crm.qa.testcases.ContactsPageTest" name="validateCreateNewContactTest" time="0.0">
    <skipped/>
  </testcase> <!-- validateCreateNewContactTest -->
</testsuite> <!-- Free CRM APP test Cases -->
