<?xml version="1.0" encoding="UTF-8"?>
<!-- Generated by org.testng.reporters.JUnitXMLReporter -->
<testsuite hostname="Dhevs-MacBook-Pro.local" ignored="0" name="Command line test" tests="3" failures="0" timestamp="21 Jan 2019 22:13:52 GMT" time="32.099" errors="0">
  <testcase name="verifyContactsPageLabelTest" time="0.034" classname="com.crm.qa.testcases.ContactsPageTest"/>
  <testcase name="verifyHomePageTitleTest" time="0.009" classname="com.crm.qa.testcases.HomePageTest"/>
  <testcase name="loginPageTitleTest" time="0.006" classname="com.crm.qa.testcases.LoginPageTest"/>
</testsuite> <!-- Command line test -->
